\BOOKMARK [0][-]{chapter.1}{\376\377\000G\000I\036\332\000I\000\040\000T\000H\000I\036\306\000U\000\040\000T\036\324\000N\000G\000\040\000Q\000U\000A\000N}{}% 1
\BOOKMARK [1][-]{section.1.1}{\376\377\000T\036\325\000n\000g\000\040\000q\000u\000a\000n\000\040\000v\036\301\000\040\000C\000\364\000n\000g\000\040\000n\000g\000h\000i\036\307\000p\000\040\0004\000.\0000}{chapter.1}% 2
\BOOKMARK [1][-]{section.1.2}{\376\377\000C\000\341\000c\000\040\000c\000\364\000n\000g\000\040\000n\000g\000h\036\307\000\040\000C\000\364\000n\000g\000\040\000n\000g\000h\000i\036\307\000p\000\040\0004\000.\0000}{chapter.1}% 3
\BOOKMARK [1][-]{section.1.3}{\376\377\000N\000h\000\340\000\040\000m\000\341\000y\000\040\000t\000h\000\364\000n\000g\000\040\000m\000i\000n\000h\000\040\000-\000\040\000S\000m\000a\000r\000t\000\040\000f\000a\000c\000t\000o\000r\000y}{chapter.1}% 4
\BOOKMARK [2][-]{subsection.1.3.1}{\376\377\001\020\036\313\000n\000h\000\040\000n\000g\000h\001\051\000a\000\040\000v\000\340\000\040\000l\036\343\000i\000\040\000\355\000c\000h\000\040\000c\036\347\000a\000\040\000S\000m\000a\000r\000t\000\040\000F\000a\000c\000t\000o\000r\000y}{section.1.3}% 5
\BOOKMARK [2][-]{subsection.1.3.2}{\376\377\000K\000i\036\277\000n\000\040\000t\000r\000\372\000c\000\040\000c\036\347\000a\000\040\000S\000m\000a\000r\000t\000\040\000F\000a\000c\000t\000o\000r\000y}{section.1.3}% 6
\BOOKMARK [2][-]{subsection.1.3.3}{\376\377\000T\000h\000\341\000c\000h\000\040\000t\000h\036\351\000c\000\040\000c\036\347\000a\000\040\000l\036\333\000p\000\040\000k\036\277\000t\000\040\000n\036\321\000i}{section.1.3}% 7
\BOOKMARK [1][-]{section.1.4}{\376\377\000G\000i\036\333\000i\000\040\000t\000h\000i\036\307\000u\000\040\000v\036\301\000\040\001\020\036\323\000\040\000\301\000n}{chapter.1}% 8
\BOOKMARK [1][-]{section.1.5}{\376\377\000B\036\321\000\040\000c\036\345\000c\000\040\000c\036\347\000a\000\040\001\021\036\323\000\040\000\341\000n}{chapter.1}% 9
\BOOKMARK [0][-]{chapter.2}{\376\377\000C\001\240\000\040\000S\036\336\000\040\000L\000\335\000\040\000T\000H\000U\000Y\036\276\000T}{}% 10
\BOOKMARK [1][-]{section.2.1}{\376\377\000D\000i\000g\000i\000t\000a\000l\000\040\000T\000w\000i\000n}{chapter.2}% 11
\BOOKMARK [2][-]{subsection.2.1.1}{\376\377\000K\000h\000\341\000i\000\040\000n\000i\036\307\000m\000\040\000v\036\301\000\040\000D\000i\000g\000i\000t\000a\000l\000\040\000T\000w\000i\000n}{section.2.1}% 12
\BOOKMARK [2][-]{subsection.2.1.2}{\376\377\000N\000h\036\357\000n\000g\000\040\000n\000h\036\247\000m\000\040\000l\036\253\000n\000\040\000v\036\301\000\040\000D\000i\000g\000i\000t\000a\000l\000\040\000T\000w\000i\000n}{section.2.1}% 13
\BOOKMARK [2][-]{subsection.2.1.3}{\376\377\036\350\000n\000g\000\040\000d\036\345\000n\000g\000\040\000c\036\347\000a\000\040\000D\000i\000g\000i\000t\000a\000l\000\040\000T\000w\000i\000n}{section.2.1}% 14
\BOOKMARK [1][-]{section.2.2}{\376\377\000T\036\325\000n\000g\000\040\000q\000u\000a\000n\000\040\000v\036\301\000\040\000c\000\341\000c\000\040\000g\000i\000a\000o\000\040\000t\000h\036\351\000c\000\040\000M\0002\000M}{chapter.2}% 15
\BOOKMARK [2][-]{subsection.2.2.1}{\376\377\000G\000i\036\333\000i\000\040\000t\000h\000i\036\307\000u\000\040\000v\036\301\000\040\000M\0002\000M}{section.2.2}% 16
\BOOKMARK [2][-]{subsection.2.2.2}{\376\377\000N\000g\000u\000y\000\352\000n\000\040\000l\000\375\000\040\000h\000o\036\241\000t\000\040\001\021\036\331\000n\000g\000\040\000c\036\347\000a\000\040\000M\0002\000M}{section.2.2}% 17
\BOOKMARK [2][-]{subsection.2.2.3}{\376\377\036\350\000n\000g\000\040\000d\036\345\000n\000g\000\040\000c\036\347\000a\000\040\000M\0002\000M}{section.2.2}% 18
\BOOKMARK [2][-]{subsection.2.2.4}{\376\377\000G\000i\000a\000o\000\040\000t\000h\036\351\000c\000\040\000M\000Q\000T\000T}{section.2.2}% 19
\BOOKMARK [2][-]{subsection.2.2.5}{\376\377\000G\000i\000a\000o\000\040\000t\000h\036\351\000c\000\040\000O\000P\000C\000-\000U\000A}{section.2.2}% 20
\BOOKMARK [1][-]{section.2.3}{\376\377\000T\000h\036\361\000c\000\040\000n\000g\000h\000i\036\307\000m\000\040\000s\000o\000\040\000s\000\341\000n\000h\000\040\000M\000Q\000T\000T\000\040\000v\000\340\000\040\000O\000P\000C\000U\000A}{chapter.2}% 21
\BOOKMARK [2][-]{subsection.2.3.1}{\376\377\000P\000h\001\260\001\241\000n\000g\000\040\000p\000h\000\341\000p\000\040\000t\000h\036\361\000c\000\040\000n\000g\000h\000i\036\307\000m}{section.2.3}% 22
\BOOKMARK [2][-]{subsection.2.3.2}{\376\377\000K\036\277\000t\000\040\000q\000u\036\243\000\040\000t\000h\036\361\000c\000\040\000n\000g\000h\000i\036\307\000m\000\040\000v\000\340\000\040\001\021\000\341\000n\000h\000\040\000g\000i\000\341}{section.2.3}% 23
\BOOKMARK [1][-]{section.2.4}{\376\377\000C\000\341\000c\000\040\000n\000g\000h\000i\000\352\000n\000\040\000c\036\351\000u\000\040\000l\000i\000\352\000n\000\040\000q\000u\000a\000n}{chapter.2}% 24
\BOOKMARK [0][-]{chapter.3}{\376\377\000T\000H\000I\036\276\000T\000\040\000K\036\276\000\040\000V\000\300\000\040\000H\000I\036\306\000N\000\040\000T\000H\036\360\000C\000\040\000H\036\306\000\040\000T\000H\036\320\000N\000G}{}% 25
\BOOKMARK [1][-]{section.3.1}{\376\377\000T\036\325\000n\000g\000\040\000q\000u\000a\000n\000\040\000h\036\307\000\040\000t\000h\036\321\000n\000g}{chapter.3}% 26
\BOOKMARK [2][-]{subsection.3.1.1}{\376\377\000K\000i\036\277\000n\000\040\000t\000r\000\372\000c\000\040\000h\036\307\000\040\000t\000h\036\321\000n\000g}{section.3.1}% 27
\BOOKMARK [2][-]{subsection.3.1.2}{\376\377\000G\000i\036\333\000i\000\040\000t\000h\000i\036\307\000u\000\040\000t\000h\000i\036\277\000t\000\040\000b\036\313\000\040\000v\000\340\000\040\000c\000\364\000n\000g\000\040\000n\000g\000h\036\307}{section.3.1}% 28
\BOOKMARK [1][-]{section.3.2}{\376\377\000M\000o\000d\000u\000l\000e\000\040\000C\000o\000n\000t\000r\000o\000l}{chapter.3}% 29
\BOOKMARK [2][-]{subsection.3.2.1}{\376\377\000Y\000\352\000u\000\040\000c\036\247\000u\000\040\000h\036\307\000\040\000t\000h\036\321\000n\000g}{section.3.2}% 30
\BOOKMARK [2][-]{subsection.3.2.2}{\376\377\000S\001\241\000\040\001\021\036\323\000\040\000u\000s\000e\000\040\000c\000a\000s\000e}{section.3.2}% 31
\BOOKMARK [2][-]{subsection.3.2.3}{\376\377\000H\000i\036\307\000n\000\040\000t\000h\036\361\000c\000\040\000m\000o\000d\000u\000l\000e\000\040\000C\000o\000n\000t\000r\000o\000l}{section.3.2}% 32
\BOOKMARK [1][-]{section.3.3}{\376\377\000T\000\355\000n\000h\000\040\000n\001\003\000n\000g\000\040\000A\000I\000:\000\040\000P\000h\000\342\000n\000\040\000l\000o\036\241\000i\000\040\000r\000\341\000c\000\040\000t\000h\036\243\000i\000\040\000b\000\341\000n\000\040\000t\036\361\000\040\001\021\036\331\000n\000g}{chapter.3}% 33
\BOOKMARK [2][-]{subsection.3.3.1}{\376\377\000Y\000\352\000u\000\040\000c\036\247\000u\000\040\000h\036\307\000\040\000t\000h\036\321\000n\000g}{section.3.3}% 34
\BOOKMARK [2][-]{subsection.3.3.2}{\376\377\000S\001\241\000\040\001\021\036\323\000\040\000u\000s\000e\000\040\000c\000a\000s\000e\000\040\000d\000i\000a\000g\000r\000a\000m}{section.3.3}% 35
\BOOKMARK [2][-]{subsection.3.3.3}{\376\377\000H\000i\036\307\000n\000\040\000t\000h\036\361\000c\000\040\000c\000h\036\351\000c\000\040\000n\001\003\000n\000g\000\040\000p\000h\000\342\000n\000\040\000l\000o\036\241\000i\000\040\000r\000\341\000c\000\040\000b\000\341\000n\000\040\000t\036\361\000\040\001\021\036\331\000n\000g}{section.3.3}% 36
\BOOKMARK [1][-]{section.3.4}{\376\377\000M\000o\000d\000u\000l\000e\000\040\000D\000a\000t\000a\000c\000e\000n\000t\000e\000r}{chapter.3}% 37
\BOOKMARK [2][-]{subsection.3.4.1}{\376\377\000Y\000\352\000u\000\040\000c\036\247\000u\000\040\000h\036\307\000\040\000t\000h\036\321\000n\000g}{section.3.4}% 38
\BOOKMARK [2][-]{subsection.3.4.2}{\376\377\000S\001\241\000\040\001\021\036\323\000\040\000u\000s\000e\000\040\000c\000a\000s\000e\000\040\000v\000\340\000\040\000m\000\341\000y\000\040\000t\000r\036\241\000n\000g\000\040\000t\000h\000\341\000i\000\040\000c\036\347\000a\000\040\000c\000h\036\351\000c\000\040\000n\001\003\000n\000g}{section.3.4}% 39
\BOOKMARK [2][-]{subsection.3.4.3}{\376\377\000H\000i\036\307\000n\000\040\000t\000h\036\361\000c\000\040\000m\000o\000d\000u\000l\000e\000\040\000D\000a\000t\000a\000c\000e\000n\000t\000e\000r}{section.3.4}% 40
\BOOKMARK [1][-]{section.3.5}{\376\377\036\350\000n\000g\000\040\000d\036\345\000n\000g\000\040\000t\000h\036\361\000c\000\040\000t\036\277\000\040\036\243\000o\000\040\000\050\000V\000R\000\040\000A\000p\000p\000l\000i\000c\000a\000t\000i\000o\000n\000\051}{chapter.3}% 41
\BOOKMARK [2][-]{subsection.3.5.1}{\376\377\000Y\000\352\000u\000\040\000c\036\247\000u\000\040\000h\036\307\000\040\000t\000h\036\321\000n\000g}{section.3.5}% 42
\BOOKMARK [2][-]{subsection.3.5.2}{\376\377\000S\001\241\000\040\001\021\036\323\000\040\000u\000s\000e\000\040\000c\000a\000s\000e}{section.3.5}% 43
\BOOKMARK [2][-]{subsection.3.5.3}{\376\377\000H\000i\036\307\000n\000\040\000t\000h\036\361\000c\000\040\000m\000o\000d\000u\000l\000e\000\040\000V\000R\000\040\000a\000p\000p\000l\000i\000c\000a\000t\000i\000o\000n}{section.3.5}% 44
\BOOKMARK [0][-]{chapter.4}{\376\377\001\020\000\301\000N\000H\000\040\000G\000I\000\301\000\040\000K\036\276\000T\000\040\000Q\000U\036\242}{}% 45
\BOOKMARK [1][-]{section.4.1}{\376\377\000K\036\277\000t\000\040\000q\000u\036\243\000\040\001\021\036\241\000t\000\040\001\021\001\260\036\343\000c}{chapter.4}% 46
\BOOKMARK [2][-]{subsection.4.1.1}{\376\377\000C\000o\000n\000t\000r\000o\000l}{section.4.1}% 47
\BOOKMARK [2][-]{subsection.4.1.2}{\376\377\000D\000a\000t\000a\000C\000e\000n\000t\000e\000r}{section.4.1}% 48
\BOOKMARK [2][-]{subsection.4.1.3}{\376\377\000V\000R\000\040\000A\000p\000p\000l\000i\000c\000a\000t\000i\000o\000n}{section.4.1}% 49
\BOOKMARK [1][-]{section.4.2}{\376\377\000K\000i\036\303\000m\000\040\000t\000r\000a\000\040\001\021\000\341\000n\000h\000\040\000g\000i\000\341\000\040\000h\036\307\000\040\000t\000h\036\321\000n\000g}{chapter.4}% 50
\BOOKMARK [2][-]{subsection.4.2.1}{\376\377\001\020\000\341\000n\000h\000\040\000g\000i\000\341\000\040\000h\000o\036\241\000t\000\040\001\021\036\331\000n\000g\000\040\000h\036\307\000\040\000t\000h\036\321\000n\000g}{section.4.2}% 51
\BOOKMARK [2][-]{subsection.4.2.2}{\376\377\001\020\000\341\000n\000h\000\040\000g\000i\000\341\000\040\001\021\036\331\000\040\000c\000h\000\355\000n\000h\000\040\000x\000\341\000c\000\040\000c\036\347\000a\000\040\000c\000h\036\351\000c\000\040\000n\001\003\000n\000g\000\040\000p\000h\000\342\000n\000\040\000l\000o\036\241\000i\000\040\000r\000\341\000c}{section.4.2}% 52
\BOOKMARK [0][-]{chapter.5}{\376\377\000T\036\324\000N\000G\000\040\000K\036\276\000T\000\040\000V\000\300\000\040\000H\001\257\036\332\000N\000G\000\040\000P\000H\000\301\000T\000\040\000T\000R\000I\036\302\000N}{}% 53
\BOOKMARK [1][-]{section.5.1}{\376\377\000T\036\325\000n\000g\000\040\000k\036\277\000t}{chapter.5}% 54
\BOOKMARK [1][-]{section.5.2}{\376\377\000H\001\260\036\333\000n\000g\000\040\000p\000h\000\341\000t\000\040\000t\000r\000i\036\303\000n\000\040\000t\001\260\001\241\000n\000g\000\040\000l\000a\000i}{chapter.5}% 55
\BOOKMARK [0][-]{chapter*.95}{\376\377\000T\000\340\000i\000\040\000l\000i\036\307\000u\000\040\000t\000h\000a\000m\000\040\000k\000h\036\243\000o}{}% 56
