Performing C SOURCE FILE Test CMAKE_HAVE_LIBC_PTHREAD failed with the following output:
Change Dir: /home/hiwonder/ros/build/CMakeFiles/CMakeTmp

Run Build Command(s):/usr/bin/make -f Makefile cmTC_99385/fast && /usr/bin/make  -f CMakeFiles/cmTC_99385.dir/build.make CMakeFiles/cmTC_99385.dir/build
make[1]: Entering directory '/home/hiwonder/ros/build/CMakeFiles/CMakeTmp'
Building C object CMakeFiles/cmTC_99385.dir/src.c.o
/usr/bin/cc -DCMAKE_HAVE_LIBC_PTHREAD   -o CMakeFiles/cmTC_99385.dir/src.c.o -c /home/hiwonder/ros/build/CMakeFiles/CMakeTmp/src.c
Linking C executable cmTC_99385
/usr/local/bin/cmake -E cmake_link_script CMakeFiles/cmTC_99385.dir/link.txt --verbose=1
/usr/bin/cc -rdynamic CMakeFiles/cmTC_99385.dir/src.c.o -o cmTC_99385 
CMakeFiles/cmTC_99385.dir/src.c.o: In function `main':
src.c:(.text+0x48): undefined reference to `pthread_create'
src.c:(.text+0x50): undefined reference to `pthread_detach'
src.c:(.text+0x58): undefined reference to `pthread_cancel'
src.c:(.text+0x64): undefined reference to `pthread_join'
src.c:(.text+0x74): undefined reference to `pthread_atfork'
collect2: error: ld returned 1 exit status
CMakeFiles/cmTC_99385.dir/build.make:98: recipe for target 'cmTC_99385' failed
make[1]: *** [cmTC_99385] Error 1
make[1]: Leaving directory '/home/hiwonder/ros/build/CMakeFiles/CMakeTmp'
Makefile:127: recipe for target 'cmTC_99385/fast' failed
make: *** [cmTC_99385/fast] Error 2


Source file was:
#include <pthread.h>

static void* test_func(void* data)
{
  return data;
}

int main(void)
{
  pthread_t thread;
  pthread_create(&thread, NULL, test_func, NULL);
  pthread_detach(thread);
  pthread_cancel(thread);
  pthread_join(thread, NULL);
  pthread_atfork(NULL, NULL, NULL);
  pthread_exit(NULL);

  return 0;
}

Determining if the function pthread_create exists in the pthreads failed with the following output:
Change Dir: /home/hiwonder/ros/build/CMakeFiles/CMakeTmp

Run Build Command(s):/usr/bin/make -f Makefile cmTC_bb3e1/fast && /usr/bin/make  -f CMakeFiles/cmTC_bb3e1.dir/build.make CMakeFiles/cmTC_bb3e1.dir/build
make[1]: Entering directory '/home/hiwonder/ros/build/CMakeFiles/CMakeTmp'
Building C object CMakeFiles/cmTC_bb3e1.dir/CheckFunctionExists.c.o
/usr/bin/cc   -DCHECK_FUNCTION_EXISTS=pthread_create -o CMakeFiles/cmTC_bb3e1.dir/CheckFunctionExists.c.o -c /usr/local/share/cmake-3.21/Modules/CheckFunctionExists.c
Linking C executable cmTC_bb3e1
/usr/local/bin/cmake -E cmake_link_script CMakeFiles/cmTC_bb3e1.dir/link.txt --verbose=1
/usr/bin/cc  -DCHECK_FUNCTION_EXISTS=pthread_create -rdynamic CMakeFiles/cmTC_bb3e1.dir/CheckFunctionExists.c.o -o cmTC_bb3e1  -lpthreads 
/usr/bin/ld: cannot find -lpthreads
collect2: error: ld returned 1 exit status
CMakeFiles/cmTC_bb3e1.dir/build.make:98: recipe for target 'cmTC_bb3e1' failed
make[1]: *** [cmTC_bb3e1] Error 1
make[1]: Leaving directory '/home/hiwonder/ros/build/CMakeFiles/CMakeTmp'
Makefile:127: recipe for target 'cmTC_bb3e1/fast' failed
make: *** [cmTC_bb3e1/fast] Error 2



